<?xml version="1.0" encoding="UTF-8"?>
<!-- Generated by org.testng.reporters.JUnitReportReporter -->
<testsuite hostname="DESKTOP-D8GHCFF" failures="0" tests="1" name="org.example.openBrowser" time="0.003" errors="0" timestamp="2024-02-10T14:57:45 IST" skipped="0">
  <testcase classname="org.example.openBrowser" name="openBrowser" time="0.003"/>
</testsuite> <!-- org.example.openBrowser -->
